{"C:\\xampp\\htdocs\\ArrozIA-frontend-web\\src\\components\\dashboard\\modal\\DeleteModal.jsx": {"path":"C:\\xampp\\htdocs\\ArrozIA-frontend-web\\src\\components\\dashboard\\modal\\DeleteModal.jsx","statementMap":{"0":{"start":{"line":5,"column":21},"end":{"line":16,"column":1}},"1":{"start":{"line":18,"column":21},"end":{"line":25,"column":1}},"2":{"start":{"line":27,"column":19},"end":{"line":31,"column":1}},"3":{"start":{"line":33,"column":18},"end":{"line":38,"column":1}},"4":{"start":{"line":40,"column":21},"end":{"line":43,"column":1}},"5":{"start":{"line":45,"column":21},"end":{"line":60,"column":1}},"6":{"start":{"line":62,"column":22},"end":{"line":77,"column":1}},"7":{"start":{"line":79,"column":20},"end":{"line":122,"column":1}},"8":{"start":{"line":88,"column":50},"end":{"line":88,"column":65}},"9":{"start":{"line":90,"column":23},"end":{"line":98,"column":3}},"10":{"start":{"line":91,"column":4},"end":{"line":91,"column":27}},"11":{"start":{"line":92,"column":4},"end":{"line":97,"column":5}},"12":{"start":{"line":93,"column":6},"end":{"line":93,"column":24}},"13":{"start":{"line":94,"column":6},"end":{"line":94,"column":32}},"14":{"start":{"line":96,"column":6},"end":{"line":96,"column":51}},"15":{"start":{"line":100,"column":28},"end":{"line":103,"column":3}},"16":{"start":{"line":101,"column":4},"end":{"line":101,"column":31}},"17":{"start":{"line":102,"column":4},"end":{"line":102,"column":14}},"18":{"start":{"line":105,"column":2},"end":{"line":121,"column":4}}},"fnMap":{"0":{"name":"(anonymous_0)","decl":{"start":{"line":79,"column":20},"end":{"line":79,"column":21}},"loc":{"start":{"line":87,"column":6},"end":{"line":122,"column":1}},"line":87},"1":{"name":"(anonymous_1)","decl":{"start":{"line":90,"column":23},"end":{"line":90,"column":24}},"loc":{"start":{"line":90,"column":40},"end":{"line":98,"column":3}},"line":90},"2":{"name":"(anonymous_2)","decl":{"start":{"line":100,"column":28},"end":{"line":100,"column":29}},"loc":{"start":{"line":100,"column":34},"end":{"line":103,"column":3}},"line":100}},"branchMap":{"0":{"loc":{"start":{"line":107,"column":7},"end":{"line":118,"column":7}},"type":"binary-expr","locations":[{"start":{"line":107,"column":7},"end":{"line":107,"column":11}},{"start":{"line":107,"column":15},"end":{"line":107,"column":32}},{"start":{"line":108,"column":8},"end":{"line":117,"column":23}}],"line":107}},"s":{"0":1,"1":1,"2":1,"3":1,"4":1,"5":1,"6":1,"7":1,"8":9,"9":9,"10":3,"11":3,"12":3,"13":2,"14":1,"15":9,"16":0,"17":0,"18":9},"f":{"0":9,"1":3,"2":0},"b":{"0":[9,8,6]},"_coverageSchema":"1a1c01bbd47fc00a2c39e90264f33305004495a9","hash":"3336a7b2c83324420a82240a2dd243b3b871004a"}
,"C:\\xampp\\htdocs\\ArrozIA-frontend-web\\src\\components\\dashboard\\users\\EditUserModal.jsx": {"path":"C:\\xampp\\htdocs\\ArrozIA-frontend-web\\src\\components\\dashboard\\users\\EditUserModal.jsx","statementMap":{"0":{"start":{"line":6,"column":21},"end":{"line":17,"column":1}},"1":{"start":{"line":19,"column":21},"end":{"line":32,"column":1}},"2":{"start":{"line":34,"column":21},"end":{"line":40,"column":1}},"3":{"start":{"line":42,"column":20},"end":{"line":57,"column":1}},"4":{"start":{"line":59,"column":19},"end":{"line":85,"column":1}},"5":{"start":{"line":87,"column":17},"end":{"line":91,"column":1}},"6":{"start":{"line":93,"column":15},"end":{"line":95,"column":1}},"7":{"start":{"line":97,"column":21},"end":{"line":113,"column":1}},"8":{"start":{"line":117,"column":18},"end":{"line":307,"column":1}},"9":{"start":{"line":118,"column":34},"end":{"line":125,"column":4}},"10":{"start":{"line":127,"column":28},"end":{"line":127,"column":40}},"11":{"start":{"line":128,"column":30},"end":{"line":128,"column":42}},"12":{"start":{"line":129,"column":50},"end":{"line":129,"column":65}},"13":{"start":{"line":130,"column":42},"end":{"line":130,"column":54}},"14":{"start":{"line":132,"column":2},"end":{"line":155,"column":13}},"15":{"start":{"line":133,"column":4},"end":{"line":141,"column":5}},"16":{"start":{"line":134,"column":6},"end":{"line":140,"column":9}},"17":{"start":{"line":142,"column":32},"end":{"line":152,"column":5}},"18":{"start":{"line":143,"column":6},"end":{"line":151,"column":7}},"19":{"start":{"line":144,"column":30},"end":{"line":144,"column":63}},"20":{"start":{"line":145,"column":8},"end":{"line":145,"column":49}},"21":{"start":{"line":147,"column":31},"end":{"line":147,"column":64}},"22":{"start":{"line":148,"column":8},"end":{"line":148,"column":45}},"23":{"start":{"line":150,"column":8},"end":{"line":150,"column":79}},"24":{"start":{"line":154,"column":4},"end":{"line":154,"column":26}},"25":{"start":{"line":157,"column":23},"end":{"line":160,"column":3}},"26":{"start":{"line":158,"column":28},"end":{"line":158,"column":36}},"27":{"start":{"line":159,"column":4},"end":{"line":159,"column":48}},"28":{"start":{"line":162,"column":23},"end":{"line":217,"column":3}},"29":{"start":{"line":163,"column":4},"end":{"line":163,"column":27}},"30":{"start":{"line":164,"column":4},"end":{"line":164,"column":24}},"31":{"start":{"line":166,"column":4},"end":{"line":216,"column":5}},"32":{"start":{"line":168,"column":28},"end":{"line":168,"column":30}},"33":{"start":{"line":171,"column":6},"end":{"line":182,"column":7}},"34":{"start":{"line":176,"column":8},"end":{"line":176,"column":47}},"35":{"start":{"line":177,"column":8},"end":{"line":177,"column":51}},"36":{"start":{"line":178,"column":8},"end":{"line":178,"column":45}},"37":{"start":{"line":180,"column":8},"end":{"line":180,"column":75}},"38":{"start":{"line":181,"column":8},"end":{"line":181,"column":34}},"39":{"start":{"line":185,"column":6},"end":{"line":190,"column":7}},"40":{"start":{"line":186,"column":8},"end":{"line":188,"column":11}},"41":{"start":{"line":189,"column":8},"end":{"line":189,"column":34}},"42":{"start":{"line":193,"column":6},"end":{"line":198,"column":7}},"43":{"start":{"line":194,"column":8},"end":{"line":196,"column":11}},"44":{"start":{"line":197,"column":8},"end":{"line":197,"column":34}},"45":{"start":{"line":201,"column":6},"end":{"line":209,"column":7}},"46":{"start":{"line":202,"column":32},"end":{"line":205,"column":9}},"47":{"start":{"line":207,"column":8},"end":{"line":207,"column":82}},"48":{"start":{"line":208,"column":8},"end":{"line":208,"column":34}},"49":{"start":{"line":212,"column":6},"end":{"line":212,"column":19}},"50":{"start":{"line":213,"column":6},"end":{"line":213,"column":15}},"51":{"start":{"line":215,"column":6},"end":{"line":215,"column":56}},"52":{"start":{"line":219,"column":34},"end":{"line":221,"column":3}},"53":{"start":{"line":220,"column":4},"end":{"line":220,"column":31}},"54":{"start":{"line":223,"column":2},"end":{"line":223,"column":46}},"55":{"start":{"line":223,"column":34},"end":{"line":223,"column":46}},"56":{"start":{"line":225,"column":2},"end":{"line":306,"column":4}},"57":{"start":{"line":285,"column":24},"end":{"line":287,"column":33}}},"fnMap":{"0":{"name":"(anonymous_0)","decl":{"start":{"line":117,"column":18},"end":{"line":117,"column":19}},"loc":{"start":{"line":117,"column":58},"end":{"line":307,"column":1}},"line":117},"1":{"name":"(anonymous_1)","decl":{"start":{"line":132,"column":12},"end":{"line":132,"column":13}},"loc":{"start":{"line":132,"column":18},"end":{"line":155,"column":3}},"line":132},"2":{"name":"(anonymous_2)","decl":{"start":{"line":142,"column":32},"end":{"line":142,"column":33}},"loc":{"start":{"line":142,"column":44},"end":{"line":152,"column":5}},"line":142},"3":{"name":"(anonymous_3)","decl":{"start":{"line":157,"column":23},"end":{"line":157,"column":24}},"loc":{"start":{"line":157,"column":30},"end":{"line":160,"column":3}},"line":157},"4":{"name":"(anonymous_4)","decl":{"start":{"line":162,"column":23},"end":{"line":162,"column":24}},"loc":{"start":{"line":162,"column":40},"end":{"line":217,"column":3}},"line":162},"5":{"name":"(anonymous_5)","decl":{"start":{"line":219,"column":34},"end":{"line":219,"column":35}},"loc":{"start":{"line":219,"column":40},"end":{"line":221,"column":3}},"line":219},"6":{"name":"(anonymous_6)","decl":{"start":{"line":284,"column":33},"end":{"line":284,"column":34}},"loc":{"start":{"line":285,"column":24},"end":{"line":287,"column":33}},"line":285}},"branchMap":{"0":{"loc":{"start":{"line":133,"column":4},"end":{"line":141,"column":5}},"type":"if","locations":[{"start":{"line":133,"column":4},"end":{"line":141,"column":5}},{"start":{},"end":{}}],"line":133},"1":{"loc":{"start":{"line":145,"column":17},"end":{"line":145,"column":47}},"type":"binary-expr","locations":[{"start":{"line":145,"column":17},"end":{"line":145,"column":41}},{"start":{"line":145,"column":45},"end":{"line":145,"column":47}}],"line":145},"2":{"loc":{"start":{"line":148,"column":18},"end":{"line":148,"column":43}},"type":"binary-expr","locations":[{"start":{"line":148,"column":18},"end":{"line":148,"column":37}},{"start":{"line":148,"column":41},"end":{"line":148,"column":43}}],"line":148},"3":{"loc":{"start":{"line":171,"column":6},"end":{"line":182,"column":7}},"type":"if","locations":[{"start":{"line":171,"column":6},"end":{"line":182,"column":7}},{"start":{},"end":{}}],"line":171},"4":{"loc":{"start":{"line":172,"column":8},"end":{"line":174,"column":37}},"type":"binary-expr","locations":[{"start":{"line":172,"column":8},"end":{"line":172,"column":39}},{"start":{"line":173,"column":8},"end":{"line":173,"column":43}},{"start":{"line":174,"column":8},"end":{"line":174,"column":37}}],"line":172},"5":{"loc":{"start":{"line":185,"column":6},"end":{"line":190,"column":7}},"type":"if","locations":[{"start":{"line":185,"column":6},"end":{"line":190,"column":7}},{"start":{},"end":{}}],"line":185},"6":{"loc":{"start":{"line":193,"column":6},"end":{"line":198,"column":7}},"type":"if","locations":[{"start":{"line":193,"column":6},"end":{"line":198,"column":7}},{"start":{},"end":{}}],"line":193},"7":{"loc":{"start":{"line":201,"column":6},"end":{"line":209,"column":7}},"type":"if","locations":[{"start":{"line":201,"column":6},"end":{"line":209,"column":7}},{"start":{},"end":{}}],"line":201},"8":{"loc":{"start":{"line":223,"column":2},"end":{"line":223,"column":46}},"type":"if","locations":[{"start":{"line":223,"column":2},"end":{"line":223,"column":46}},{"start":{},"end":{}}],"line":223},"9":{"loc":{"start":{"line":223,"column":6},"end":{"line":223,"column":32}},"type":"binary-expr","locations":[{"start":{"line":223,"column":6},"end":{"line":223,"column":11}},{"start":{"line":223,"column":15},"end":{"line":223,"column":32}}],"line":223},"10":{"loc":{"start":{"line":227,"column":7},"end":{"line":297,"column":7}},"type":"binary-expr","locations":[{"start":{"line":227,"column":7},"end":{"line":227,"column":11}},{"start":{"line":228,"column":8},"end":{"line":296,"column":23}}],"line":227},"11":{"loc":{"start":{"line":234,"column":13},"end":{"line":234,"column":72}},"type":"binary-expr","locations":[{"start":{"line":234,"column":13},"end":{"line":234,"column":25}},{"start":{"line":234,"column":29},"end":{"line":234,"column":72}}],"line":234},"12":{"loc":{"start":{"line":298,"column":7},"end":{"line":304,"column":7}},"type":"binary-expr","locations":[{"start":{"line":298,"column":7},"end":{"line":298,"column":23}},{"start":{"line":299,"column":8},"end":{"line":303,"column":10}}],"line":298}},"s":{"0":1,"1":1,"2":1,"3":1,"4":1,"5":1,"6":1,"7":1,"8":1,"9":21,"10":21,"11":21,"12":21,"13":21,"14":21,"15":6,"16":6,"17":6,"18":6,"19":6,"20":5,"21":5,"22":5,"23":1,"24":6,"25":21,"26":2,"27":2,"28":21,"29":1,"30":1,"31":1,"32":1,"33":1,"34":1,"35":1,"36":1,"37":1,"38":1,"39":1,"40":0,"41":0,"42":1,"43":0,"44":0,"45":1,"46":0,"47":0,"48":0,"49":1,"50":1,"51":0,"52":21,"53":0,"54":21,"55":2,"56":19,"57":16},"f":{"0":21,"1":6,"2":6,"3":2,"4":1,"5":0,"6":16},"b":{"0":[6,0],"1":[5,0],"2":[5,0],"3":[1,0],"4":[1,0,0],"5":[0,1],"6":[0,1],"7":[0,1],"8":[2,19],"9":[21,2],"10":[19,19],"11":[19,1],"12":[19,1]},"_coverageSchema":"1a1c01bbd47fc00a2c39e90264f33305004495a9","hash":"e559a9d6257d70cceb6be9df2c391273a112312f"}
,"C:\\xampp\\htdocs\\ArrozIA-frontend-web\\src\\components\\dashboard\\users\\TableUser.jsx": {"path":"C:\\xampp\\htdocs\\ArrozIA-frontend-web\\src\\components\\dashboard\\users\\TableUser.jsx","statementMap":{"0":{"start":{"line":6,"column":20},"end":{"line":13,"column":1}},"1":{"start":{"line":15,"column":18},"end":{"line":103,"column":1}},"2":{"start":{"line":16,"column":36},"end":{"line":16,"column":48}},"3":{"start":{"line":17,"column":32},"end":{"line":17,"column":46}},"4":{"start":{"line":19,"column":21},"end":{"line":64,"column":3}},"5":{"start":{"line":20,"column":4},"end":{"line":63,"column":5}},"6":{"start":{"line":21,"column":23},"end":{"line":21,"column":56}},"7":{"start":{"line":22,"column":20},"end":{"line":22,"column":33}},"8":{"start":{"line":24,"column":35},"end":{"line":56,"column":7}},"9":{"start":{"line":26,"column":26},"end":{"line":26,"column":37}},"10":{"start":{"line":27,"column":25},"end":{"line":27,"column":34}},"11":{"start":{"line":29,"column":10},"end":{"line":38,"column":11}},"12":{"start":{"line":31,"column":33},"end":{"line":31,"column":82}},"13":{"start":{"line":32,"column":26},"end":{"line":32,"column":43}},"14":{"start":{"line":33,"column":12},"end":{"line":33,"column":99}},"15":{"start":{"line":33,"column":61},"end":{"line":33,"column":72}},"16":{"start":{"line":35,"column":12},"end":{"line":37,"column":13}},"17":{"start":{"line":36,"column":14},"end":{"line":36,"column":80}},"18":{"start":{"line":40,"column":10},"end":{"line":48,"column":11}},"19":{"start":{"line":42,"column":33},"end":{"line":42,"column":87}},"20":{"start":{"line":43,"column":12},"end":{"line":43,"column":62}},"21":{"start":{"line":45,"column":12},"end":{"line":47,"column":13}},"22":{"start":{"line":46,"column":14},"end":{"line":46,"column":79}},"23":{"start":{"line":50,"column":10},"end":{"line":54,"column":12}},"24":{"start":{"line":58,"column":6},"end":{"line":58,"column":41}},"25":{"start":{"line":59,"column":6},"end":{"line":59,"column":24}},"26":{"start":{"line":61,"column":6},"end":{"line":61,"column":52}},"27":{"start":{"line":62,"column":6},"end":{"line":62,"column":24}},"28":{"start":{"line":66,"column":2},"end":{"line":68,"column":16}},"29":{"start":{"line":67,"column":4},"end":{"line":67,"column":17}},"30":{"start":{"line":70,"column":2},"end":{"line":102,"column":4}},"31":{"start":{"line":80,"column":18},"end":{"line":80,"column":43}},"32":{"start":{"line":86,"column":16},"end":{"line":95,"column":21}}},"fnMap":{"0":{"name":"(anonymous_0)","decl":{"start":{"line":15,"column":18},"end":{"line":15,"column":19}},"loc":{"start":{"line":15,"column":35},"end":{"line":103,"column":1}},"line":15},"1":{"name":"(anonymous_1)","decl":{"start":{"line":19,"column":21},"end":{"line":19,"column":22}},"loc":{"start":{"line":19,"column":33},"end":{"line":64,"column":3}},"line":19},"2":{"name":"(anonymous_2)","decl":{"start":{"line":25,"column":18},"end":{"line":25,"column":19}},"loc":{"start":{"line":25,"column":34},"end":{"line":55,"column":9}},"line":25},"3":{"name":"(anonymous_3)","decl":{"start":{"line":33,"column":53},"end":{"line":33,"column":54}},"loc":{"start":{"line":33,"column":61},"end":{"line":33,"column":72}},"line":33},"4":{"name":"(anonymous_4)","decl":{"start":{"line":66,"column":12},"end":{"line":66,"column":13}},"loc":{"start":{"line":66,"column":18},"end":{"line":68,"column":3}},"line":66},"5":{"name":"(anonymous_5)","decl":{"start":{"line":79,"column":33},"end":{"line":79,"column":34}},"loc":{"start":{"line":80,"column":18},"end":{"line":80,"column":43}},"line":80},"6":{"name":"(anonymous_6)","decl":{"start":{"line":85,"column":29},"end":{"line":85,"column":30}},"loc":{"start":{"line":86,"column":16},"end":{"line":95,"column":21}},"line":86}},"branchMap":{"0":{"loc":{"start":{"line":33,"column":24},"end":{"line":33,"column":98}},"type":"cond-expr","locations":[{"start":{"line":33,"column":43},"end":{"line":33,"column":84}},{"start":{"line":33,"column":87},"end":{"line":33,"column":98}}],"line":33},"1":{"loc":{"start":{"line":35,"column":12},"end":{"line":37,"column":13}},"type":"if","locations":[{"start":{"line":35,"column":12},"end":{"line":37,"column":13}},{"start":{},"end":{}}],"line":35},"2":{"loc":{"start":{"line":43,"column":23},"end":{"line":43,"column":61}},"type":"binary-expr","locations":[{"start":{"line":43,"column":23},"end":{"line":43,"column":48}},{"start":{"line":43,"column":52},"end":{"line":43,"column":61}}],"line":43},"3":{"loc":{"start":{"line":45,"column":12},"end":{"line":47,"column":13}},"type":"if","locations":[{"start":{"line":45,"column":12},"end":{"line":47,"column":13}},{"start":{},"end":{}}],"line":45},"4":{"loc":{"start":{"line":73,"column":9},"end":{"line":99,"column":9}},"type":"cond-expr","locations":[{"start":{"line":74,"column":10},"end":{"line":74,"column":28}},{"start":{"line":76,"column":10},"end":{"line":98,"column":18}}],"line":73}},"s":{"0":1,"1":1,"2":11,"3":11,"4":11,"5":6,"6":6,"7":4,"8":4,"9":3,"10":3,"11":3,"12":3,"13":3,"14":3,"15":2,"16":0,"17":0,"18":3,"19":3,"20":3,"21":0,"22":0,"23":3,"24":4,"25":4,"26":1,"27":1,"28":11,"29":6,"30":11,"31":30,"32":3},"f":{"0":11,"1":6,"2":3,"3":2,"4":6,"5":30,"6":3},"b":{"0":[2,1],"1":[0,0],"2":[3,1],"3":[0,0],"4":[6,5]},"_coverageSchema":"1a1c01bbd47fc00a2c39e90264f33305004495a9","hash":"47cb0d73075756fed5993f5b521e1a63cbaea3d5"}
,"C:\\xampp\\htdocs\\ArrozIA-frontend-web\\src\\config\\AuthProvider.jsx": {"path":"C:\\xampp\\htdocs\\ArrozIA-frontend-web\\src\\config\\AuthProvider.jsx","statementMap":{"0":{"start":{"line":5,"column":27},"end":{"line":5,"column":42}},"1":{"start":{"line":8,"column":28},"end":{"line":164,"column":1}},"2":{"start":{"line":9,"column":48},"end":{"line":9,"column":96}},"3":{"start":{"line":10,"column":30},"end":{"line":10,"column":44}},"4":{"start":{"line":11,"column":32},"end":{"line":11,"column":46}},"5":{"start":{"line":12,"column":30},"end":{"line":12,"column":42}},"6":{"start":{"line":13,"column":34},"end":{"line":13,"column":46}},"7":{"start":{"line":14,"column":28},"end":{"line":14,"column":42}},"8":{"start":{"line":15,"column":40},"end":{"line":15,"column":52}},"9":{"start":{"line":16,"column":26},"end":{"line":16,"column":40}},"10":{"start":{"line":17,"column":32},"end":{"line":17,"column":46}},"11":{"start":{"line":20,"column":19},"end":{"line":35,"column":3}},"12":{"start":{"line":21,"column":4},"end":{"line":34,"column":5}},"13":{"start":{"line":22,"column":24},"end":{"line":22,"column":43}},"14":{"start":{"line":23,"column":21},"end":{"line":23,"column":68}},"15":{"start":{"line":24,"column":26},"end":{"line":29,"column":7}},"16":{"start":{"line":27,"column":22},"end":{"line":27,"column":75}},"17":{"start":{"line":30,"column":6},"end":{"line":30,"column":37}},"18":{"start":{"line":32,"column":6},"end":{"line":32,"column":49}},"19":{"start":{"line":33,"column":6},"end":{"line":33,"column":18}},"20":{"start":{"line":38,"column":29},"end":{"line":49,"column":3}},"21":{"start":{"line":39,"column":4},"end":{"line":48,"column":5}},"22":{"start":{"line":40,"column":23},"end":{"line":40,"column":51}},"23":{"start":{"line":41,"column":6},"end":{"line":44,"column":7}},"24":{"start":{"line":43,"column":8},"end":{"line":43,"column":20}},"25":{"start":{"line":47,"column":6},"end":{"line":47,"column":19}},"26":{"start":{"line":52,"column":2},"end":{"line":87,"column":9}},"27":{"start":{"line":53,"column":27},"end":{"line":84,"column":5}},"28":{"start":{"line":54,"column":27},"end":{"line":54,"column":53}},"29":{"start":{"line":55,"column":6},"end":{"line":58,"column":7}},"30":{"start":{"line":56,"column":8},"end":{"line":56,"column":26}},"31":{"start":{"line":57,"column":8},"end":{"line":57,"column":15}},"32":{"start":{"line":61,"column":20},"end":{"line":61,"column":56}},"33":{"start":{"line":62,"column":6},"end":{"line":82,"column":7}},"34":{"start":{"line":63,"column":29},"end":{"line":63,"column":44}},"35":{"start":{"line":64,"column":8},"end":{"line":79,"column":9}},"36":{"start":{"line":65,"column":10},"end":{"line":65,"column":38}},"37":{"start":{"line":66,"column":10},"end":{"line":66,"column":45}},"38":{"start":{"line":67,"column":10},"end":{"line":67,"column":47}},"39":{"start":{"line":68,"column":10},"end":{"line":68,"column":51}},"40":{"start":{"line":70,"column":10},"end":{"line":76,"column":11}},"41":{"start":{"line":71,"column":12},"end":{"line":71,"column":50}},"42":{"start":{"line":72,"column":12},"end":{"line":72,"column":37}},"43":{"start":{"line":74,"column":12},"end":{"line":74,"column":76}},"44":{"start":{"line":75,"column":12},"end":{"line":75,"column":38}},"45":{"start":{"line":78,"column":10},"end":{"line":78,"column":36}},"46":{"start":{"line":81,"column":8},"end":{"line":81,"column":34}},"47":{"start":{"line":83,"column":6},"end":{"line":83,"column":24}},"48":{"start":{"line":86,"column":4},"end":{"line":86,"column":21}},"49":{"start":{"line":92,"column":24},"end":{"line":118,"column":3}},"50":{"start":{"line":93,"column":4},"end":{"line":117,"column":5}},"51":{"start":{"line":94,"column":27},"end":{"line":94,"column":80}},"52":{"start":{"line":96,"column":6},"end":{"line":114,"column":7}},"53":{"start":{"line":97,"column":31},"end":{"line":97,"column":48}},"54":{"start":{"line":103,"column":36},"end":{"line":103,"column":91}},"55":{"start":{"line":105,"column":8},"end":{"line":111,"column":9}},"56":{"start":{"line":106,"column":40},"end":{"line":106,"column":64}},"57":{"start":{"line":107,"column":10},"end":{"line":107,"column":24}},"58":{"start":{"line":108,"column":10},"end":{"line":108,"column":38}},"59":{"start":{"line":110,"column":10},"end":{"line":110,"column":94}},"60":{"start":{"line":113,"column":8},"end":{"line":113,"column":83}},"61":{"start":{"line":116,"column":6},"end":{"line":116,"column":70}},"62":{"start":{"line":121,"column":16},"end":{"line":132,"column":3}},"63":{"start":{"line":122,"column":4},"end":{"line":122,"column":48}},"64":{"start":{"line":123,"column":4},"end":{"line":123,"column":29}},"65":{"start":{"line":124,"column":25},"end":{"line":124,"column":40}},"66":{"start":{"line":125,"column":4},"end":{"line":131,"column":5}},"67":{"start":{"line":126,"column":6},"end":{"line":126,"column":34}},"68":{"start":{"line":127,"column":6},"end":{"line":127,"column":41}},"69":{"start":{"line":128,"column":6},"end":{"line":128,"column":43}},"70":{"start":{"line":129,"column":6},"end":{"line":129,"column":47}},"71":{"start":{"line":130,"column":6},"end":{"line":130,"column":44}},"72":{"start":{"line":135,"column":17},"end":{"line":145,"column":3}},"73":{"start":{"line":136,"column":4},"end":{"line":136,"column":44}},"74":{"start":{"line":137,"column":4},"end":{"line":137,"column":30}},"75":{"start":{"line":138,"column":4},"end":{"line":138,"column":20}},"76":{"start":{"line":139,"column":4},"end":{"line":139,"column":21}},"77":{"start":{"line":140,"column":4},"end":{"line":140,"column":19}},"78":{"start":{"line":141,"column":4},"end":{"line":141,"column":18}},"79":{"start":{"line":142,"column":4},"end":{"line":142,"column":20}},"80":{"start":{"line":143,"column":4},"end":{"line":143,"column":18}},"81":{"start":{"line":144,"column":4},"end":{"line":144,"column":23}},"82":{"start":{"line":147,"column":2},"end":{"line":163,"column":4}}},"fnMap":{"0":{"name":"(anonymous_0)","decl":{"start":{"line":8,"column":28},"end":{"line":8,"column":29}},"loc":{"start":{"line":8,"column":46},"end":{"line":164,"column":1}},"line":8},"1":{"name":"(anonymous_1)","decl":{"start":{"line":20,"column":19},"end":{"line":20,"column":20}},"loc":{"start":{"line":20,"column":30},"end":{"line":35,"column":3}},"line":20},"2":{"name":"(anonymous_2)","decl":{"start":{"line":27,"column":15},"end":{"line":27,"column":16}},"loc":{"start":{"line":27,"column":22},"end":{"line":27,"column":75}},"line":27},"3":{"name":"(anonymous_3)","decl":{"start":{"line":38,"column":29},"end":{"line":38,"column":30}},"loc":{"start":{"line":38,"column":41},"end":{"line":49,"column":3}},"line":38},"4":{"name":"(anonymous_4)","decl":{"start":{"line":52,"column":12},"end":{"line":52,"column":13}},"loc":{"start":{"line":52,"column":18},"end":{"line":87,"column":3}},"line":52},"5":{"name":"(anonymous_5)","decl":{"start":{"line":53,"column":27},"end":{"line":53,"column":28}},"loc":{"start":{"line":53,"column":39},"end":{"line":84,"column":5}},"line":53},"6":{"name":"(anonymous_6)","decl":{"start":{"line":92,"column":24},"end":{"line":92,"column":25}},"loc":{"start":{"line":92,"column":42},"end":{"line":118,"column":3}},"line":92},"7":{"name":"(anonymous_7)","decl":{"start":{"line":121,"column":16},"end":{"line":121,"column":17}},"loc":{"start":{"line":121,"column":33},"end":{"line":132,"column":3}},"line":121},"8":{"name":"(anonymous_8)","decl":{"start":{"line":135,"column":17},"end":{"line":135,"column":18}},"loc":{"start":{"line":135,"column":23},"end":{"line":145,"column":3}},"line":135}},"branchMap":{"0":{"loc":{"start":{"line":41,"column":6},"end":{"line":44,"column":7}},"type":"if","locations":[{"start":{"line":41,"column":6},"end":{"line":44,"column":7}},{"start":{},"end":{}}],"line":41},"1":{"loc":{"start":{"line":55,"column":6},"end":{"line":58,"column":7}},"type":"if","locations":[{"start":{"line":55,"column":6},"end":{"line":58,"column":7}},{"start":{},"end":{}}],"line":55},"2":{"loc":{"start":{"line":62,"column":6},"end":{"line":82,"column":7}},"type":"if","locations":[{"start":{"line":62,"column":6},"end":{"line":82,"column":7}},{"start":{"line":80,"column":13},"end":{"line":82,"column":7}}],"line":62},"3":{"loc":{"start":{"line":64,"column":8},"end":{"line":79,"column":9}},"type":"if","locations":[{"start":{"line":64,"column":8},"end":{"line":79,"column":9}},{"start":{"line":77,"column":15},"end":{"line":79,"column":9}}],"line":64},"4":{"loc":{"start":{"line":64,"column":12},"end":{"line":64,"column":44}},"type":"binary-expr","locations":[{"start":{"line":64,"column":12},"end":{"line":64,"column":24}},{"start":{"line":64,"column":28},"end":{"line":64,"column":44}}],"line":64},"5":{"loc":{"start":{"line":66,"column":19},"end":{"line":66,"column":43}},"type":"binary-expr","locations":[{"start":{"line":66,"column":19},"end":{"line":66,"column":37}},{"start":{"line":66,"column":41},"end":{"line":66,"column":43}}],"line":66},"6":{"loc":{"start":{"line":67,"column":20},"end":{"line":67,"column":45}},"type":"binary-expr","locations":[{"start":{"line":67,"column":20},"end":{"line":67,"column":39}},{"start":{"line":67,"column":43},"end":{"line":67,"column":45}}],"line":67},"7":{"loc":{"start":{"line":68,"column":22},"end":{"line":68,"column":49}},"type":"binary-expr","locations":[{"start":{"line":68,"column":22},"end":{"line":68,"column":43}},{"start":{"line":68,"column":47},"end":{"line":68,"column":49}}],"line":68},"8":{"loc":{"start":{"line":96,"column":6},"end":{"line":114,"column":7}},"type":"if","locations":[{"start":{"line":96,"column":6},"end":{"line":114,"column":7}},{"start":{"line":112,"column":13},"end":{"line":114,"column":7}}],"line":96},"9":{"loc":{"start":{"line":105,"column":8},"end":{"line":111,"column":9}},"type":"if","locations":[{"start":{"line":105,"column":8},"end":{"line":111,"column":9}},{"start":{"line":109,"column":15},"end":{"line":111,"column":9}}],"line":105},"10":{"loc":{"start":{"line":125,"column":4},"end":{"line":131,"column":5}},"type":"if","locations":[{"start":{"line":125,"column":4},"end":{"line":131,"column":5}},{"start":{},"end":{}}],"line":125},"11":{"loc":{"start":{"line":125,"column":8},"end":{"line":125,"column":40}},"type":"binary-expr","locations":[{"start":{"line":125,"column":8},"end":{"line":125,"column":20}},{"start":{"line":125,"column":24},"end":{"line":125,"column":40}}],"line":125},"12":{"loc":{"start":{"line":127,"column":15},"end":{"line":127,"column":39}},"type":"binary-expr","locations":[{"start":{"line":127,"column":15},"end":{"line":127,"column":33}},{"start":{"line":127,"column":37},"end":{"line":127,"column":39}}],"line":127},"13":{"loc":{"start":{"line":128,"column":16},"end":{"line":128,"column":41}},"type":"binary-expr","locations":[{"start":{"line":128,"column":16},"end":{"line":128,"column":35}},{"start":{"line":128,"column":39},"end":{"line":128,"column":41}}],"line":128},"14":{"loc":{"start":{"line":129,"column":18},"end":{"line":129,"column":45}},"type":"binary-expr","locations":[{"start":{"line":129,"column":18},"end":{"line":129,"column":39}},{"start":{"line":129,"column":43},"end":{"line":129,"column":45}}],"line":129}},"s":{"0":1,"1":1,"2":0,"3":0,"4":0,"5":0,"6":0,"7":0,"8":0,"9":0,"10":0,"11":0,"12":0,"13":0,"14":0,"15":0,"16":0,"17":0,"18":0,"19":0,"20":0,"21":0,"22":0,"23":0,"24":0,"25":0,"26":0,"27":0,"28":0,"29":0,"30":0,"31":0,"32":0,"33":0,"34":0,"35":0,"36":0,"37":0,"38":0,"39":0,"40":0,"41":0,"42":0,"43":0,"44":0,"45":0,"46":0,"47":0,"48":0,"49":0,"50":0,"51":0,"52":0,"53":0,"54":0,"55":0,"56":0,"57":0,"58":0,"59":0,"60":0,"61":0,"62":0,"63":0,"64":0,"65":0,"66":0,"67":0,"68":0,"69":0,"70":0,"71":0,"72":0,"73":0,"74":0,"75":0,"76":0,"77":0,"78":0,"79":0,"80":0,"81":0,"82":0},"f":{"0":0,"1":0,"2":0,"3":0,"4":0,"5":0,"6":0,"7":0,"8":0},"b":{"0":[0,0],"1":[0,0],"2":[0,0],"3":[0,0],"4":[0,0],"5":[0,0],"6":[0,0],"7":[0,0],"8":[0,0],"9":[0,0],"10":[0,0],"11":[0,0],"12":[0,0],"13":[0,0],"14":[0,0]},"_coverageSchema":"1a1c01bbd47fc00a2c39e90264f33305004495a9","hash":"1ed1568e5ed68a029aaf154eba844643b6672113"}
,"C:\\xampp\\htdocs\\ArrozIA-frontend-web\\src\\config\\AxiosInstance.jsx": {"path":"C:\\xampp\\htdocs\\ArrozIA-frontend-web\\src\\config\\AxiosInstance.jsx","statementMap":{"0":{"start":{"line":3,"column":22},"end":{"line":9,"column":2}},"1":{"start":{"line":12,"column":0},"end":{"line":23,"column":2}},"2":{"start":{"line":14,"column":18},"end":{"line":14,"column":54}},"3":{"start":{"line":15,"column":4},"end":{"line":17,"column":5}},"4":{"start":{"line":16,"column":6},"end":{"line":16,"column":58}},"5":{"start":{"line":18,"column":4},"end":{"line":18,"column":18}},"6":{"start":{"line":21,"column":4},"end":{"line":21,"column":33}},"7":{"start":{"line":26,"column":0},"end":{"line":36,"column":2}},"8":{"start":{"line":27,"column":16},"end":{"line":27,"column":24}},"9":{"start":{"line":29,"column":4},"end":{"line":33,"column":5}},"10":{"start":{"line":31,"column":6},"end":{"line":31,"column":46}},"11":{"start":{"line":32,"column":6},"end":{"line":32,"column":33}},"12":{"start":{"line":34,"column":4},"end":{"line":34,"column":33}}},"fnMap":{"0":{"name":"(anonymous_0)","decl":{"start":{"line":13,"column":2},"end":{"line":13,"column":3}},"loc":{"start":{"line":13,"column":14},"end":{"line":19,"column":3}},"line":13},"1":{"name":"(anonymous_1)","decl":{"start":{"line":20,"column":2},"end":{"line":20,"column":3}},"loc":{"start":{"line":20,"column":13},"end":{"line":22,"column":3}},"line":20},"2":{"name":"(anonymous_2)","decl":{"start":{"line":27,"column":2},"end":{"line":27,"column":3}},"loc":{"start":{"line":27,"column":16},"end":{"line":27,"column":24}},"line":27},"3":{"name":"(anonymous_3)","decl":{"start":{"line":28,"column":2},"end":{"line":28,"column":3}},"loc":{"start":{"line":28,"column":13},"end":{"line":35,"column":3}},"line":28}},"branchMap":{"0":{"loc":{"start":{"line":15,"column":4},"end":{"line":17,"column":5}},"type":"if","locations":[{"start":{"line":15,"column":4},"end":{"line":17,"column":5}},{"start":{},"end":{}}],"line":15},"1":{"loc":{"start":{"line":29,"column":4},"end":{"line":33,"column":5}},"type":"if","locations":[{"start":{"line":29,"column":4},"end":{"line":33,"column":5}},{"start":{},"end":{}}],"line":29},"2":{"loc":{"start":{"line":29,"column":8},"end":{"line":29,"column":55}},"type":"binary-expr","locations":[{"start":{"line":29,"column":8},"end":{"line":29,"column":22}},{"start":{"line":29,"column":26},"end":{"line":29,"column":55}}],"line":29}},"s":{"0":2,"1":2,"2":0,"3":0,"4":0,"5":0,"6":0,"7":2,"8":0,"9":0,"10":0,"11":0,"12":0},"f":{"0":0,"1":0,"2":0,"3":0},"b":{"0":[0,0],"1":[0,0],"2":[0,0]},"_coverageSchema":"1a1c01bbd47fc00a2c39e90264f33305004495a9","hash":"334d2495d00d9de9e2deb1a6af9f147decaa0708"}
,"C:\\xampp\\htdocs\\ArrozIA-frontend-web\\src\\screens\\dashboard\\Users.jsx": {"path":"C:\\xampp\\htdocs\\ArrozIA-frontend-web\\src\\screens\\dashboard\\Users.jsx","statementMap":{"0":{"start":{"line":10,"column":14},"end":{"line":35,"column":1}},"1":{"start":{"line":11,"column":30},"end":{"line":11,"column":53}},"2":{"start":{"line":12,"column":42},"end":{"line":12,"column":57}},"3":{"start":{"line":14,"column":2},"end":{"line":16,"column":3}},"4":{"start":{"line":15,"column":4},"end":{"line":15,"column":39}},"5":{"start":{"line":18,"column":21},"end":{"line":20,"column":3}},"6":{"start":{"line":19,"column":4},"end":{"line":19,"column":37}},"7":{"start":{"line":19,"column":30},"end":{"line":19,"column":35}},"8":{"start":{"line":22,"column":2},"end":{"line":34,"column":4}}},"fnMap":{"0":{"name":"(anonymous_0)","decl":{"start":{"line":10,"column":14},"end":{"line":10,"column":15}},"loc":{"start":{"line":10,"column":20},"end":{"line":35,"column":1}},"line":10},"1":{"name":"(anonymous_1)","decl":{"start":{"line":18,"column":21},"end":{"line":18,"column":22}},"loc":{"start":{"line":18,"column":27},"end":{"line":20,"column":3}},"line":18},"2":{"name":"(anonymous_2)","decl":{"start":{"line":19,"column":20},"end":{"line":19,"column":21}},"loc":{"start":{"line":19,"column":30},"end":{"line":19,"column":35}},"line":19}},"branchMap":{"0":{"loc":{"start":{"line":14,"column":2},"end":{"line":16,"column":3}},"type":"if","locations":[{"start":{"line":14,"column":2},"end":{"line":16,"column":3}},{"start":{},"end":{}}],"line":14}},"s":{"0":1,"1":6,"2":6,"3":6,"4":1,"5":5,"6":3,"7":3,"8":5},"f":{"0":6,"1":3,"2":3},"b":{"0":[1,5]},"_coverageSchema":"1a1c01bbd47fc00a2c39e90264f33305004495a9","hash":"2a9f52d13207987f02470dd1a14e70fd72833a1e"}
}
