TN:
SF:src\components\dashboard\modal\DeleteModal.jsx
FN:79,(anonymous_0)
FN:90,(anonymous_1)
FN:100,(anonymous_2)
FNF:3
FNH:2
FNDA:9,(anonymous_0)
FNDA:3,(anonymous_1)
FNDA:0,(anonymous_2)
DA:5,1
DA:18,1
DA:27,1
DA:33,1
DA:40,1
DA:45,1
DA:62,1
DA:79,1
DA:88,9
DA:90,9
DA:91,3
DA:92,3
DA:93,3
DA:94,2
DA:96,1
DA:100,9
DA:101,0
DA:102,0
DA:105,9
LF:19
LH:17
BRDA:107,0,0,9
BRDA:107,0,1,8
BRDA:107,0,2,6
BRF:3
BRH:3
end_of_record
TN:
SF:src\components\dashboard\users\EditUserModal.jsx
FN:117,(anonymous_0)
FN:132,(anonymous_1)
FN:142,(anonymous_2)
FN:157,(anonymous_3)
FN:162,(anonymous_4)
FN:219,(anonymous_5)
FN:284,(anonymous_6)
FNF:7
FNH:6
FNDA:21,(anonymous_0)
FNDA:6,(anonymous_1)
FNDA:6,(anonymous_2)
FNDA:2,(anonymous_3)
FNDA:1,(anonymous_4)
FNDA:0,(anonymous_5)
FNDA:16,(anonymous_6)
DA:6,1
DA:19,1
DA:34,1
DA:42,1
DA:59,1
DA:87,1
DA:93,1
DA:97,1
DA:117,1
DA:118,21
DA:127,21
DA:128,21
DA:129,21
DA:130,21
DA:132,21
DA:133,6
DA:134,6
DA:142,6
DA:143,6
DA:144,6
DA:145,5
DA:147,5
DA:148,5
DA:150,1
DA:154,6
DA:157,21
DA:158,2
DA:159,2
DA:162,21
DA:163,1
DA:164,1
DA:166,1
DA:168,1
DA:171,1
DA:176,1
DA:177,1
DA:178,1
DA:180,1
DA:181,1
DA:185,1
DA:186,0
DA:189,0
DA:193,1
DA:194,0
DA:197,0
DA:201,1
DA:202,0
DA:207,0
DA:208,0
DA:212,1
DA:213,1
DA:215,0
DA:219,21
DA:220,0
DA:223,21
DA:225,19
DA:285,16
LF:57
LH:48
BRDA:133,0,0,6
BRDA:133,0,1,0
BRDA:145,1,0,5
BRDA:145,1,1,0
BRDA:148,2,0,5
BRDA:148,2,1,0
BRDA:171,3,0,1
BRDA:171,3,1,0
BRDA:172,4,0,1
BRDA:172,4,1,0
BRDA:172,4,2,0
BRDA:185,5,0,0
BRDA:185,5,1,1
BRDA:193,6,0,0
BRDA:193,6,1,1
BRDA:201,7,0,0
BRDA:201,7,1,1
BRDA:223,8,0,2
BRDA:223,8,1,19
BRDA:223,9,0,21
BRDA:223,9,1,2
BRDA:227,10,0,19
BRDA:227,10,1,19
BRDA:234,11,0,19
BRDA:234,11,1,1
BRDA:298,12,0,19
BRDA:298,12,1,1
BRF:27
BRH:18
end_of_record
TN:
SF:src\components\dashboard\users\TableUser.jsx
FN:15,(anonymous_0)
FN:19,(anonymous_1)
FN:25,(anonymous_2)
FN:33,(anonymous_3)
FN:66,(anonymous_4)
FN:79,(anonymous_5)
FN:85,(anonymous_6)
FNF:7
FNH:7
FNDA:11,(anonymous_0)
FNDA:6,(anonymous_1)
FNDA:3,(anonymous_2)
FNDA:2,(anonymous_3)
FNDA:6,(anonymous_4)
FNDA:30,(anonymous_5)
FNDA:3,(anonymous_6)
DA:6,1
DA:15,1
DA:16,11
DA:17,11
DA:19,11
DA:20,6
DA:21,6
DA:22,4
DA:24,4
DA:26,3
DA:27,3
DA:29,3
DA:31,3
DA:32,3
DA:33,3
DA:35,0
DA:36,0
DA:40,3
DA:42,3
DA:43,3
DA:45,0
DA:46,0
DA:50,3
DA:58,4
DA:59,4
DA:61,1
DA:62,1
DA:66,11
DA:67,6
DA:70,11
DA:80,30
DA:86,3
LF:32
LH:28
BRDA:33,0,0,2
BRDA:33,0,1,1
BRDA:35,1,0,0
BRDA:35,1,1,0
BRDA:43,2,0,3
BRDA:43,2,1,1
BRDA:45,3,0,0
BRDA:45,3,1,0
BRDA:73,4,0,6
BRDA:73,4,1,5
BRF:10
BRH:6
end_of_record
TN:
SF:src\config\AuthProvider.jsx
FN:8,(anonymous_0)
FN:20,(anonymous_1)
FN:27,(anonymous_2)
FN:38,(anonymous_3)
FN:52,(anonymous_4)
FN:53,(anonymous_5)
FN:92,(anonymous_6)
FN:121,(anonymous_7)
FN:135,(anonymous_8)
FNF:9
FNH:0
FNDA:0,(anonymous_0)
FNDA:0,(anonymous_1)
FNDA:0,(anonymous_2)
FNDA:0,(anonymous_3)
FNDA:0,(anonymous_4)
FNDA:0,(anonymous_5)
FNDA:0,(anonymous_6)
FNDA:0,(anonymous_7)
FNDA:0,(anonymous_8)
DA:5,1
DA:8,1
DA:9,0
DA:10,0
DA:11,0
DA:12,0
DA:13,0
DA:14,0
DA:15,0
DA:16,0
DA:17,0
DA:20,0
DA:21,0
DA:22,0
DA:23,0
DA:24,0
DA:27,0
DA:30,0
DA:32,0
DA:33,0
DA:38,0
DA:39,0
DA:40,0
DA:41,0
DA:43,0
DA:47,0
DA:52,0
DA:53,0
DA:54,0
DA:55,0
DA:56,0
DA:57,0
DA:61,0
DA:62,0
DA:63,0
DA:64,0
DA:65,0
DA:66,0
DA:67,0
DA:68,0
DA:70,0
DA:71,0
DA:72,0
DA:74,0
DA:75,0
DA:78,0
DA:81,0
DA:83,0
DA:86,0
DA:92,0
DA:93,0
DA:94,0
DA:96,0
DA:97,0
DA:103,0
DA:105,0
DA:106,0
DA:107,0
DA:108,0
DA:110,0
DA:113,0
DA:116,0
DA:121,0
DA:122,0
DA:123,0
DA:124,0
DA:125,0
DA:126,0
DA:127,0
DA:128,0
DA:129,0
DA:130,0
DA:135,0
DA:136,0
DA:137,0
DA:138,0
DA:139,0
DA:140,0
DA:141,0
DA:142,0
DA:143,0
DA:144,0
DA:147,0
LF:83
LH:2
BRDA:41,0,0,0
BRDA:41,0,1,0
BRDA:55,1,0,0
BRDA:55,1,1,0
BRDA:62,2,0,0
BRDA:62,2,1,0
BRDA:64,3,0,0
BRDA:64,3,1,0
BRDA:64,4,0,0
BRDA:64,4,1,0
BRDA:66,5,0,0
BRDA:66,5,1,0
BRDA:67,6,0,0
BRDA:67,6,1,0
BRDA:68,7,0,0
BRDA:68,7,1,0
BRDA:96,8,0,0
BRDA:96,8,1,0
BRDA:105,9,0,0
BRDA:105,9,1,0
BRDA:125,10,0,0
BRDA:125,10,1,0
BRDA:125,11,0,0
BRDA:125,11,1,0
BRDA:127,12,0,0
BRDA:127,12,1,0
BRDA:128,13,0,0
BRDA:128,13,1,0
BRDA:129,14,0,0
BRDA:129,14,1,0
BRF:30
BRH:0
end_of_record
TN:
SF:src\config\AxiosInstance.jsx
FN:13,(anonymous_0)
FN:20,(anonymous_1)
FN:27,(anonymous_2)
FN:28,(anonymous_3)
FNF:4
FNH:0
FNDA:0,(anonymous_0)
FNDA:0,(anonymous_1)
FNDA:0,(anonymous_2)
FNDA:0,(anonymous_3)
DA:3,2
DA:12,2
DA:14,0
DA:15,0
DA:16,0
DA:18,0
DA:21,0
DA:26,2
DA:27,0
DA:29,0
DA:31,0
DA:32,0
DA:34,0
LF:13
LH:3
BRDA:15,0,0,0
BRDA:15,0,1,0
BRDA:29,1,0,0
BRDA:29,1,1,0
BRDA:29,2,0,0
BRDA:29,2,1,0
BRF:6
BRH:0
end_of_record
TN:
SF:src\screens\dashboard\Users.jsx
FN:10,(anonymous_0)
FN:18,(anonymous_1)
FN:19,(anonymous_2)
FNF:3
FNH:3
FNDA:6,(anonymous_0)
FNDA:3,(anonymous_1)
FNDA:3,(anonymous_2)
DA:10,1
DA:11,6
DA:12,6
DA:14,6
DA:15,1
DA:18,5
DA:19,3
DA:22,5
LF:8
LH:8
BRDA:14,0,0,1
BRDA:14,0,1,5
BRF:2
BRH:2
end_of_record
